<?xml version="1.0" encoding="UTF-8"?>
<!-- Generated by org.testng.reporters.JUnitReportReporter -->
<testsuite skipped="0" hostname="Harshini" name="com.qa.api.ApiAutomationP" tests="1" failures="0" timestamp="2023-04-23T09:10:51 EDT" time="4.832" errors="0">
  <testcase name="login" time="4.832" classname="com.qa.api.ApiAutomationP"/>
  <system-out/>
</testsuite> <!-- com.qa.api.ApiAutomationP -->
